<?xml version="1.0" encoding="UTF-8"?>
<!-- Generated by org.testng.reporters.JUnitReportReporter -->
<testsuite hostname="Omar-Mokhtar" failures="0" tests="1" name="Tests.NoUserTests" time="3.043" errors="0" timestamp="2025-07-19T04:17:30 EEST" skipped="0">
    <testcase classname="Tests.NoUserTests" name="createPostWithNoUserTest" time="3.043"/>
</testsuite> <!-- Tests.NoUserTests -->
