<?xml version="1.0" encoding="UTF-8"?>
<!-- Generated by org.testng.reporters.JUnitReportReporter -->
<testsuite hostname="Omar-Mokhtar" failures="0" tests="6" name="GoRest_API_Automation.CreateUserInvalidTests" time="8.354" errors="0" timestamp="2025-07-17T23:49:15 EEST" skipped="0">
    <testcase classname="GoRest_API_Automation.CreateUserInvalidTests" name="createUserWithBlankNameTest" time="0.510"/>
    <testcase classname="GoRest_API_Automation.CreateUserInvalidTests" name="createUserWithBlankStatusTest" time="0.944"/>
    <testcase classname="GoRest_API_Automation.CreateUserInvalidTests" name="createUserWithBlankEmailTest" time="2.680"/>
    <testcase classname="GoRest_API_Automation.CreateUserInvalidTests" name="createUserWithBlankGenderTest" time="1.131"/>
    <testcase classname="GoRest_API_Automation.CreateUserInvalidTests" name="createUserWithNoAuthTest" time="0.657"/>
    <testcase classname="GoRest_API_Automation.CreateUserInvalidTests" name="createUserWithUsedEmailTest" time="2.432"/>
</testsuite> <!-- GoRest_API_Automation.CreateUserInvalidTests -->
