<?xml version="1.0" encoding="UTF-8"?>
<!-- Generated by org.testng.reporters.JUnitReportReporter -->
<testsuite hostname="Omar-Mokhtar" failures="0" tests="8" name="Tests.Comments.CreateCommentValidTest" time="7.634" errors="0" timestamp="2025-07-21T05:39:35 EEST" skipped="0">
    <testcase classname="Tests.Comments.CreateCommentValidTest" name="getUserCommentsTest" time="0.452"/>
    <testcase classname="Tests.Comments.CreateCommentValidTest" name="deleteUserTest" time="0.476"/>
    <testcase classname="Tests.Comments.CreateCommentValidTest" name="createUserTest" time="2.267"/>
    <testcase classname="Tests.Comments.CreateCommentValidTest" name="create3rdCommentTest" time="0.501"/>
    <testcase classname="Tests.Comments.CreateCommentValidTest" name="create1stCommentTest" time="1.411"/>
    <testcase classname="Tests.Comments.CreateCommentValidTest" name="getUserPostsTest" time="0.807"/>
    <testcase classname="Tests.Comments.CreateCommentValidTest" name="createPostTest" time="0.860"/>
    <testcase classname="Tests.Comments.CreateCommentValidTest" name="create2ndCommentTest" time="0.860"/>
</testsuite> <!-- Tests.Comments.CreateCommentValidTest -->
