<?xml version="1.0" encoding="UTF-8"?>
<!-- Generated by org.testng.reporters.JUnitReportReporter -->
<testsuite hostname="Omar-Mokhtar" failures="0" tests="5" name="Tests.Posts.CreatePostInvalidTests" time="3.171" errors="0" timestamp="2025-07-19T04:06:14 EEST" skipped="0">
    <testcase classname="Tests.Posts.CreatePostInvalidTests" name="createPostWithBlankBodyTest" time="0.819"/>
    <testcase classname="Tests.Posts.CreatePostInvalidTests" name="createPostWithNoAuthTest" time="0.412"/>
    <testcase classname="Tests.Posts.CreatePostInvalidTests" name="createPostWithBlankTitleTest" time="0.445"/>
    <testcase classname="Tests.Posts.CreatePostInvalidTests" name="createPostWithMissingBodyTest" time="0.798"/>
    <testcase classname="Tests.Posts.CreatePostInvalidTests" name="createPostWithMissingTitleTest" time="0.697"/>
</testsuite> <!-- Tests.Posts.CreatePostInvalidTests -->
