<?xml version="1.0" encoding="UTF-8"?>
<!-- Generated by org.testng.reporters.JUnitReportReporter -->
<testsuite hostname="Omar-Mokhtar" failures="0" tests="5" name="Tests.Posts.CreatePostValidTest" time="9.871" errors="0" timestamp="2025-07-18T18:08:28 EEST" skipped="0">
    <testcase classname="Tests.Posts.CreatePostValidTest" name="createUserTest" time="2.929"/>
    <testcase classname="Tests.Posts.CreatePostValidTest" name="deleteUserTest" time="1.740"/>
    <testcase classname="Tests.Posts.CreatePostValidTest" name="getUserPostsTest" time="0.845"/>
    <testcase classname="Tests.Posts.CreatePostValidTest" name="createPostTest" time="0.854"/>
    <testcase classname="Tests.Posts.CreatePostValidTest" name="getUserPostsAfterDeleteTest" time="3.503"/>
</testsuite> <!-- Tests.Posts.CreatePostValidTest -->
