<?xml version="1.0" encoding="UTF-8"?>
<!-- Generated by org.testng.reporters.JUnitReportReporter -->
<testsuite hostname="Omar-Mokhtar" failures="0" tests="4" name="GoRest_API_Automation.ValidTests" time="4.638" errors="0" timestamp="2025-07-17T23:02:08 EEST" skipped="0">
    <testcase classname="GoRest_API_Automation.ValidTests" name="updateUserPatchTest" time="1.215"/>
    <testcase classname="GoRest_API_Automation.ValidTests" name="getAllUserTest" time="1.171"/>
    <testcase classname="GoRest_API_Automation.ValidTests" name="getUserTest" time="1.225"/>
    <testcase classname="GoRest_API_Automation.ValidTests" name="updateUserStatusPutTest" time="1.027"/>
</testsuite> <!-- GoRest_API_Automation.ValidTests -->
